#
# There is insufficient memory for the Java Runtime Environment to continue.
# Native memory allocation (malloc) failed to allocate 493696 bytes for Chunk::new
# Possible reasons:
#   The system is out of physical RAM or swap space
#   The process is running with CompressedOops enabled, and the Java Heap may be blocking the growth of the native heap
# Possible solutions:
#   Reduce memory load on the system
#   Increase physical memory or swap space
#   Check if swap backing store is full
#   Decrease Java heap size (-Xmx/-Xms)
#   Decrease number of Java threads
#   Decrease Java thread stack sizes (-Xss)
#   Set larger code cache with -XX:ReservedCodeCacheSize=
#   JVM is running with Unscaled Compressed Oops mode in which the Java heap is
#     placed in the first 4GB address space. The Java Heap base address is the
#     maximum limit for the native heap growth. Please use -XX:HeapBaseMinAddress
#     to set the Java Heap base and to place the Java Heap above 4GB virtual address.
# This output file may be truncated or incomplete.
#
#  Out of Memory Error (arena.cpp:184), pid=3852, tid=26360
#
# JRE version: OpenJDK Runtime Environment (20.0+36) (build 20+36-2344)
# Java VM: OpenJDK 64-Bit Server VM (20+36-2344, mixed mode, sharing, tiered, compressed oops, compressed class ptrs, g1 gc, windows-amd64)
# No core dump will be written. Minidumps are not enabled by default on client versions of Windows
#

---------------  S U M M A R Y ------------

Command Line: -javaagent:C:\Program Files\JetBrains\IntelliJ IDEA Community Edition 2022.3.1\lib\idea_rt.jar=56800:C:\Program Files\JetBrains\IntelliJ IDEA Community Edition 2022.3.1\bin -Dfile.encoding=UTF-8 -Dsun.stdout.encoding=UTF-8 -Dsun.stderr.encoding=UTF-8 full.mypostgresql.demo.DemoApplication

Host: Intel(R) Core(TM) i7-3720QM CPU @ 2.60GHz, 8 cores, 7G,  Windows 10 , 64 bit Build 19041 (10.0.19041.2913)
Time: Fri Jun  2 10:13:04 2023  Windows 10 , 64 bit Build 19041 (10.0.19041.2913) elapsed time: 4884.285316 seconds (0d 1h 21m 24s)

---------------  T H R E A D  ---------------

Current thread (0x00000227941f6890):  JavaThread "C2 CompilerThread0" daemon [_thread_in_native, id=26360, stack(0x000000d713600000,0x000000d713700000)]


Current CompileTask:
C2:4884285 8311   !   4       org.apache.catalina.core.StandardWrapperValve::invoke (2395 bytes)

Stack: [0x000000d713600000,0x000000d713700000]
Native frames: (J=compiled Java code, j=interpreted, Vv=VM code, C=native code)
V  [jvm.dll+0x6bb95a]
V  [jvm.dll+0x8483aa]
V  [jvm.dll+0x849fa5]
V  [jvm.dll+0x84a6a3]
V  [jvm.dll+0x280b0f]
V  [jvm.dll+0xc2b11]
V  [jvm.dll+0xc2e35]
V  [jvm.dll+0x2f5dbf]
V  [jvm.dll+0x5e32eb]
V  [jvm.dll+0x2543b4]
V  [jvm.dll+0x25477f]
V  [jvm.dll+0x24cf6d]
V  [jvm.dll+0x24a549]
V  [jvm.dll+0x1ce491]
V  [jvm.dll+0x259e1b]
V  [jvm.dll+0x2584f0]
V  [jvm.dll+0x3f2895]
V  [jvm.dll+0x7f4906]
V  [jvm.dll+0x6ba5cb]
C  [ucrtbase.dll+0x21bb2]
C  [KERNEL32.DLL+0x17614]
C  [ntdll.dll+0x526a1]


---------------  P R O C E S S  ---------------

Threads class SMR info:
_java_thread_list=0x000002279a9bd070, length=31, elements={
0x00000227941e62e0, 0x00000227941e70e0, 0x00000227941eae30, 0x00000227941eeb10,
0x00000227941f0460, 0x00000227941f1540, 0x00000227941f6890, 0x00000227941fb220,
0x00000227984d2fa0, 0x000002279896f310, 0x0000022798608770, 0x0000022798b0fe70,
0x0000022798b0e930, 0x0000022798b11900, 0x0000022798b10e60, 0x0000022798b113b0,
0x0000022798b10910, 0x0000022798b0ee80, 0x000002279c48ced0, 0x000002279c4943b0,
0x000002279c493910, 0x000002279c4923d0, 0x000002279c48c980, 0x000002279c491930,
0x000002279c492e70, 0x000002279c491e80, 0x000002279c48fea0, 0x000002279c48dec0,
0x000002279c4933c0, 0x000002279c48d420, 0x000002279a56c620
}

Java Threads: ( => current thread )
  0x00000227941e62e0 JavaThread "Reference Handler" daemon [_thread_blocked, id=27588, stack(0x000000d713000000,0x000000d713100000)]
  0x00000227941e70e0 JavaThread "Finalizer" daemon [_thread_blocked, id=20404, stack(0x000000d713100000,0x000000d713200000)]
  0x00000227941eae30 JavaThread "Signal Dispatcher" daemon [_thread_blocked, id=19688, stack(0x000000d713200000,0x000000d713300000)]
  0x00000227941eeb10 JavaThread "Attach Listener" daemon [_thread_blocked, id=27540, stack(0x000000d713300000,0x000000d713400000)]
  0x00000227941f0460 JavaThread "Service Thread" daemon [_thread_blocked, id=14708, stack(0x000000d713400000,0x000000d713500000)]
  0x00000227941f1540 JavaThread "Monitor Deflation Thread" daemon [_thread_blocked, id=27804, stack(0x000000d713500000,0x000000d713600000)]
=>0x00000227941f6890 JavaThread "C2 CompilerThread0" daemon [_thread_in_native, id=26360, stack(0x000000d713600000,0x000000d713700000)]
  0x00000227941fb220 JavaThread "C1 CompilerThread0" daemon [_thread_blocked, id=27780, stack(0x000000d713700000,0x000000d713800000)]
  0x00000227984d2fa0 JavaThread "Common-Cleaner" daemon [_thread_blocked, id=27968, stack(0x000000d713800000,0x000000d713900000)]
  0x000002279896f310 JavaThread "Monitor Ctrl-Break" daemon [_thread_in_native, id=27660, stack(0x000000d713a00000,0x000000d713b00000)]
  0x0000022798608770 JavaThread "Notification Thread" daemon [_thread_blocked, id=22780, stack(0x000000d713b00000,0x000000d713c00000)]
  0x0000022798b0fe70 JavaThread "Catalina-utility-1" [_thread_blocked, id=27208, stack(0x000000d714500000,0x000000d714600000)]
  0x0000022798b0e930 JavaThread "Catalina-utility-2" [_thread_blocked, id=24016, stack(0x000000d714600000,0x000000d714700000)]
  0x0000022798b11900 JavaThread "container-0" [_thread_blocked, id=27052, stack(0x000000d714700000,0x000000d714800000)]
  0x0000022798b10e60 JavaThread "lettuce-timer-3-1" daemon [_thread_blocked, id=28360, stack(0x000000d714300000,0x000000d714400000)]
  0x0000022798b113b0 JavaThread "HikariPool-1 housekeeper" daemon [_thread_blocked, id=27136, stack(0x000000d714a00000,0x000000d714b00000)]
  0x0000022798b10910 JavaThread "spring.cloud.inetutils" daemon [_thread_blocked, id=17788, stack(0x000000d714800000,0x000000d714900000)]
  0x0000022798b0ee80 JavaThread "http-nio-8084-exec-1" daemon [_thread_blocked, id=20672, stack(0x000000d714d00000,0x000000d714e00000)]
  0x000002279c48ced0 JavaThread "http-nio-8084-exec-2" daemon [_thread_blocked, id=27936, stack(0x000000d714e00000,0x000000d714f00000)]
  0x000002279c4943b0 JavaThread "http-nio-8084-exec-3" daemon [_thread_blocked, id=2852, stack(0x000000d714f00000,0x000000d715000000)]
  0x000002279c493910 JavaThread "http-nio-8084-exec-4" daemon [_thread_blocked, id=28580, stack(0x000000d715000000,0x000000d715100000)]
  0x000002279c4923d0 JavaThread "http-nio-8084-exec-5" daemon [_thread_blocked, id=21200, stack(0x000000d715100000,0x000000d715200000)]
  0x000002279c48c980 JavaThread "http-nio-8084-exec-6" daemon [_thread_blocked, id=10136, stack(0x000000d715200000,0x000000d715300000)]
  0x000002279c491930 JavaThread "http-nio-8084-exec-7" daemon [_thread_blocked, id=21808, stack(0x000000d715300000,0x000000d715400000)]
  0x000002279c492e70 JavaThread "http-nio-8084-exec-8" daemon [_thread_blocked, id=16228, stack(0x000000d715400000,0x000000d715500000)]
  0x000002279c491e80 JavaThread "http-nio-8084-exec-9" daemon [_thread_blocked, id=21144, stack(0x000000d715500000,0x000000d715600000)]
  0x000002279c48fea0 JavaThread "http-nio-8084-exec-10" daemon [_thread_blocked, id=3300, stack(0x000000d715600000,0x000000d715700000)]
  0x000002279c48dec0 JavaThread "http-nio-8084-Poller" daemon [_thread_in_native, id=15172, stack(0x000000d715700000,0x000000d715800000)]
  0x000002279c4933c0 JavaThread "http-nio-8084-Acceptor" daemon [_thread_in_native, id=27992, stack(0x000000d715800000,0x000000d715900000)]
  0x000002279c48d420 JavaThread "DestroyJavaVM" [_thread_blocked, id=19316, stack(0x000000d712900000,0x000000d712a00000)]
  0x000002279a56c620 JavaThread "C2 CompilerThread1" daemon [_thread_in_native, id=8956, stack(0x000000d712600000,0x000000d712700000)]

Other Threads:
  0x00000227941c4e70 VMThread "VM Thread" [stack: 0x000000d712f00000,0x000000d713000000] [id=27176]
  0x000002279896f860 WatcherThread "VM Periodic Task Thread" [stack: 0x000000d713c00000,0x000000d713d00000] [id=14948]
  0x00000227f77a0430 WorkerThread "GC Thread#0" [stack: 0x000000d712a00000,0x000000d712b00000] [id=13692]
  0x0000022798c6fb40 WorkerThread "GC Thread#1" [stack: 0x000000d713900000,0x000000d713a00000] [id=12520]
  0x0000022798d14ef0 WorkerThread "GC Thread#2" [stack: 0x000000d713d00000,0x000000d713e00000] [id=12992]
  0x0000022799292e50 WorkerThread "GC Thread#3" [stack: 0x000000d713e00000,0x000000d713f00000] [id=16104]
  0x0000022799293120 WorkerThread "GC Thread#4" [stack: 0x000000d713f00000,0x000000d714000000] [id=12184]
  0x0000022799292040 WorkerThread "GC Thread#5" [stack: 0x000000d714000000,0x000000d714100000] [id=15188]
  0x00000227992928b0 WorkerThread "GC Thread#6" [stack: 0x000000d714100000,0x000000d714200000] [id=21964]
  0x00000227992933f0 WorkerThread "GC Thread#7" [stack: 0x000000d714200000,0x000000d714300000] [id=27604]
  0x00000227f77b12b0 ConcurrentGCThread "G1 Main Marker" [stack: 0x000000d712b00000,0x000000d712c00000] [id=18404]
  0x00000227f77b2480 WorkerThread "G1 Conc#0" [stack: 0x000000d712c00000,0x000000d712d00000] [id=22872]
  0x0000022799a941e0 WorkerThread "G1 Conc#1" [stack: 0x000000d714400000,0x000000d714500000] [id=4312]
  0x00000227f77fe0e0 ConcurrentGCThread "G1 Refine#0" [stack: 0x000000d712d00000,0x000000d712e00000] [id=11720]
  0x00000227f77feb80 ConcurrentGCThread "G1 Service" [stack: 0x000000d712e00000,0x000000d712f00000] [id=28176]

Threads with active compile tasks:
C2 CompilerThread0  4884504 8311   !   4       org.apache.catalina.core.StandardWrapperValve::invoke (2395 bytes)
C2 CompilerThread1  4884504 8316   !   4       org.springframework.web.filter.RequestContextFilter::doFilterInternal (107 bytes)

VM state: not at safepoint (normal execution)

VM Mutex/Monitor currently owned by a thread: None

Heap address: 0x0000000081800000, size: 2024 MB, Compressed Oops mode: 32-bit

CDS archive(s) mapped at: [0x0000000800000000-0x0000000800c60000-0x0000000800c60000), size 12976128, SharedBaseAddress: 0x0000000800000000, ArchiveRelocationMode: 0.
Compressed class space mapped at: 0x0000000801000000-0x0000000841000000, reserved size: 1073741824
Narrow klass base: 0x0000000800000000, Narrow klass shift: 0, Narrow klass range: 0x100000000

GC Precious Log:
 CardTable entry size: 512
 Card Set container configuration: InlinePtr #cards 5 size 8 Array Of Cards #cards 12 size 40 Howl #buckets 4 coarsen threshold 1843 Howl Bitmap #cards 512 size 80 coarsen threshold 460 Card regions per heap region 1 cards per card region 2048
 CPUs: 8 total, 8 available
 Memory: 8095M
 Large Page Support: Disabled
 NUMA Support: Disabled
 Compressed Oops: Enabled (32-bit)
 Heap Region Size: 1M
 Heap Min Capacity: 8M
 Heap Initial Capacity: 128M
 Heap Max Capacity: 2024M
 Pre-touch: Disabled
 Parallel Workers: 8
 Concurrent Workers: 2
 Concurrent Refinement Workers: 8
 Periodic GC: Disabled

Heap:
 garbage-first heap   total 58368K, used 25441K [0x0000000081800000, 0x0000000100000000)
  region size 1024K, 5 young (5120K), 1 survivors (1024K)
 Metaspace       used 48135K, committed 48960K, reserved 1114112K
  class space    used 5730K, committed 6080K, reserved 1048576K

Heap Regions: E=young(eden), S=young(survivor), O=old, HS=humongous(starts), HC=humongous(continues), CS=collection set, F=free, OA=open archive, CA=closed archive, TAMS=top-at-mark-start, PB=parsable bottom
|   0|0x0000000081800000, 0x0000000081900000, 0x0000000081900000|100%| O|  |TAMS 0x0000000081800000| PB 0x0000000081800000| Untracked 
|   1|0x0000000081900000, 0x0000000081a00000, 0x0000000081a00000|100%| O|  |TAMS 0x0000000081900000| PB 0x0000000081900000| Untracked 
|   2|0x0000000081a00000, 0x0000000081b00000, 0x0000000081b00000|100%| O|  |TAMS 0x0000000081a00000| PB 0x0000000081a00000| Untracked 
|   3|0x0000000081b00000, 0x0000000081c00000, 0x0000000081c00000|100%| O|  |TAMS 0x0000000081b00000| PB 0x0000000081b00000| Untracked 
|   4|0x0000000081c00000, 0x0000000081d00000, 0x0000000081d00000|100%| O|  |TAMS 0x0000000081c00000| PB 0x0000000081c00000| Untracked 
|   5|0x0000000081d00000, 0x0000000081e00000, 0x0000000081e00000|100%| O|  |TAMS 0x0000000081d00000| PB 0x0000000081d00000| Untracked 
|   6|0x0000000081e00000, 0x0000000081f00000, 0x0000000081f00000|100%| O|  |TAMS 0x0000000081e00000| PB 0x0000000081e00000| Untracked 
|   7|0x0000000081f00000, 0x0000000082000000, 0x0000000082000000|100%| O|  |TAMS 0x0000000081f00000| PB 0x0000000081f00000| Untracked 
|   8|0x0000000082000000, 0x0000000082100000, 0x0000000082100000|100%| O|  |TAMS 0x0000000082000000| PB 0x0000000082000000| Untracked 
|   9|0x0000000082100000, 0x0000000082200000, 0x0000000082200000|100%| O|  |TAMS 0x0000000082100000| PB 0x0000000082100000| Complete 
|  10|0x0000000082200000, 0x0000000082300000, 0x0000000082300000|100%| O|  |TAMS 0x0000000082200000| PB 0x0000000082200000| Complete 
|  11|0x0000000082300000, 0x0000000082400000, 0x0000000082400000|100%| O|  |TAMS 0x0000000082300000| PB 0x0000000082300000| Untracked 
|  12|0x0000000082400000, 0x0000000082500000, 0x0000000082500000|100%| O|  |TAMS 0x0000000082400000| PB 0x0000000082400000| Untracked 
|  13|0x0000000082500000, 0x0000000082600000, 0x0000000082600000|100%| O|  |TAMS 0x0000000082500000| PB 0x0000000082500000| Untracked 
|  14|0x0000000082600000, 0x0000000082700000, 0x0000000082700000|100%| O|  |TAMS 0x0000000082600000| PB 0x0000000082600000| Untracked 
|  15|0x0000000082700000, 0x0000000082800000, 0x0000000082800000|100%| O|  |TAMS 0x0000000082700000| PB 0x0000000082700000| Untracked 
|  16|0x0000000082800000, 0x000000008282d400, 0x0000000082900000| 17%| O|  |TAMS 0x0000000082800000| PB 0x0000000082800000| Untracked 
|  17|0x0000000082900000, 0x0000000082a00000, 0x0000000082a00000|100%| O|  |TAMS 0x0000000082900000| PB 0x0000000082900000| Untracked 
|  18|0x0000000082a00000, 0x0000000082a00000, 0x0000000082b00000|  0%| F|  |TAMS 0x0000000082a00000| PB 0x0000000082a00000| Untracked 
|  19|0x0000000082b00000, 0x0000000082c00000, 0x0000000082c00000|100%| O|  |TAMS 0x0000000082b00000| PB 0x0000000082b00000| Untracked 
|  20|0x0000000082c00000, 0x0000000082c00000, 0x0000000082d00000|  0%| F|  |TAMS 0x0000000082c00000| PB 0x0000000082c00000| Untracked 
|  21|0x0000000082d00000, 0x0000000082d00000, 0x0000000082e00000|  0%| F|  |TAMS 0x0000000082d00000| PB 0x0000000082d00000| Untracked 
|  22|0x0000000082e00000, 0x0000000082e00000, 0x0000000082f00000|  0%| F|  |TAMS 0x0000000082e00000| PB 0x0000000082e00000| Untracked 
|  23|0x0000000082f00000, 0x0000000082fab2d8, 0x0000000083000000| 66%| S|CS|TAMS 0x0000000082f00000| PB 0x0000000082f00000| Complete 
|  24|0x0000000083000000, 0x0000000083100000, 0x0000000083100000|100%| O|  |TAMS 0x0000000083000000| PB 0x0000000083000000| Untracked 
|  25|0x0000000083100000, 0x0000000083200000, 0x0000000083200000|100%| O|  |TAMS 0x0000000083100000| PB 0x0000000083100000| Untracked 
|  26|0x0000000083200000, 0x0000000083300000, 0x0000000083300000|100%| O|  |TAMS 0x0000000083200000| PB 0x0000000083200000| Untracked 
|  27|0x0000000083300000, 0x0000000083300000, 0x0000000083400000|  0%| F|  |TAMS 0x0000000083300000| PB 0x0000000083300000| Untracked 
|  28|0x0000000083400000, 0x0000000083400000, 0x0000000083500000|  0%| F|  |TAMS 0x0000000083400000| PB 0x0000000083400000| Untracked 
|  29|0x0000000083500000, 0x0000000083500000, 0x0000000083600000|  0%| F|  |TAMS 0x0000000083500000| PB 0x0000000083500000| Untracked 
|  30|0x0000000083600000, 0x0000000083600000, 0x0000000083700000|  0%| F|  |TAMS 0x0000000083600000| PB 0x0000000083600000| Untracked 
|  31|0x0000000083700000, 0x0000000083700000, 0x0000000083800000|  0%| F|  |TAMS 0x0000000083700000| PB 0x0000000083700000| Untracked 
|  32|0x0000000083800000, 0x0000000083800000, 0x0000000083900000|  0%| F|  |TAMS 0x0000000083800000| PB 0x0000000083800000| Untracked 
|  33|0x0000000083900000, 0x0000000083900000, 0x0000000083a00000|  0%| F|  |TAMS 0x0000000083900000| PB 0x0000000083900000| Untracked 
|  34|0x0000000083a00000, 0x0000000083a00000, 0x0000000083b00000|  0%| F|  |TAMS 0x0000000083a00000| PB 0x0000000083a00000| Untracked 
|  35|0x0000000083b00000, 0x0000000083b00000, 0x0000000083c00000|  0%| F|  |TAMS 0x0000000083b00000| PB 0x0000000083b00000| Untracked 
|  36|0x0000000083c00000, 0x0000000083c00000, 0x0000000083d00000|  0%| F|  |TAMS 0x0000000083c00000| PB 0x0000000083c00000| Untracked 
|  37|0x0000000083d00000, 0x0000000083d00000, 0x0000000083e00000|  0%| F|  |TAMS 0x0000000083d00000| PB 0x0000000083d00000| Untracked 
|  38|0x0000000083e00000, 0x0000000083e00000, 0x0000000083f00000|  0%| F|  |TAMS 0x0000000083e00000| PB 0x0000000083e00000| Untracked 
|  39|0x0000000083f00000, 0x0000000083f00000, 0x0000000084000000|  0%| F|  |TAMS 0x0000000083f00000| PB 0x0000000083f00000| Untracked 
|  40|0x0000000084000000, 0x0000000084000000, 0x0000000084100000|  0%| F|  |TAMS 0x0000000084000000| PB 0x0000000084000000| Untracked 
|  41|0x0000000084100000, 0x0000000084100000, 0x0000000084200000|  0%| F|  |TAMS 0x0000000084100000| PB 0x0000000084100000| Untracked 
|  42|0x0000000084200000, 0x0000000084200000, 0x0000000084300000|  0%| F|  |TAMS 0x0000000084200000| PB 0x0000000084200000| Untracked 
|  43|0x0000000084300000, 0x0000000084300000, 0x0000000084400000|  0%| F|  |TAMS 0x0000000084300000| PB 0x0000000084300000| Untracked 
|  44|0x0000000084400000, 0x0000000084400000, 0x0000000084500000|  0%| F|  |TAMS 0x0000000084400000| PB 0x0000000084400000| Untracked 
|  45|0x0000000084500000, 0x0000000084500000, 0x0000000084600000|  0%| F|  |TAMS 0x0000000084500000| PB 0x0000000084500000| Untracked 
|  46|0x0000000084600000, 0x0000000084600000, 0x0000000084700000|  0%| F|  |TAMS 0x0000000084600000| PB 0x0000000084600000| Untracked 
|  47|0x0000000084700000, 0x0000000084700000, 0x0000000084800000|  0%| F|  |TAMS 0x0000000084700000| PB 0x0000000084700000| Untracked 
|  48|0x0000000084800000, 0x0000000084800000, 0x0000000084900000|  0%| F|  |TAMS 0x0000000084800000| PB 0x0000000084800000| Untracked 
|  49|0x0000000084900000, 0x0000000084900000, 0x0000000084a00000|  0%| F|  |TAMS 0x0000000084900000| PB 0x0000000084900000| Untracked 
|  78|0x0000000086600000, 0x0000000086600000, 0x0000000086700000|  0%| F|  |TAMS 0x0000000086600000| PB 0x0000000086600000| Untracked 
|  79|0x0000000086700000, 0x0000000086700000, 0x0000000086800000|  0%| F|  |TAMS 0x0000000086700000| PB 0x0000000086700000| Untracked 
|  80|0x0000000086800000, 0x0000000086800000, 0x0000000086900000|  0%| F|  |TAMS 0x0000000086800000| PB 0x0000000086800000| Untracked 
|  81|0x0000000086900000, 0x000000008692cca0, 0x0000000086a00000| 17%| E|  |TAMS 0x0000000086900000| PB 0x0000000086900000| Complete 
|  82|0x0000000086a00000, 0x0000000086b00000, 0x0000000086b00000|100%| E|CS|TAMS 0x0000000086a00000| PB 0x0000000086a00000| Complete 
|  83|0x0000000086b00000, 0x0000000086c00000, 0x0000000086c00000|100%| E|CS|TAMS 0x0000000086b00000| PB 0x0000000086b00000| Complete 
| 127|0x0000000089700000, 0x0000000089800000, 0x0000000089800000|100%| E|CS|TAMS 0x0000000089700000| PB 0x0000000089700000| Complete 

Card table byte_map: [0x000002278f000000,0x000002278f400000] _byte_map_base: 0x000002278ebf4000

Marking Bits: (CMBitMap*) 0x00000227f77a0a60
 Bits: [0x000002278f800000, 0x00000227917a0000)

Polling page: 0x00000227f6f00000

Metaspace:

Usage:
  Non-class:     41.41 MB used.
      Class:      5.60 MB used.
       Both:     47.01 MB used.

Virtual space:
  Non-class space:       64.00 MB reserved,      41.88 MB ( 65%) committed,  1 nodes.
      Class space:        1.00 GB reserved,       5.94 MB ( <1%) committed,  1 nodes.
             Both:        1.06 GB reserved,      47.81 MB (  4%) committed. 

Chunk freelists:
   Non-Class:  2.35 MB
       Class:  2.24 MB
        Both:  4.59 MB

MaxMetaspaceSize: unlimited
CompressedClassSpaceSize: 1.00 GB
Initial GC threshold: 21.00 MB
Current GC threshold: 79.69 MB
CDS: on
MetaspaceReclaimPolicy: balanced
 - commit_granule_bytes: 65536.
 - commit_granule_words: 8192.
 - virtual_space_node_default_size: 8388608.
 - enlarge_chunks_in_place: 1.
 - new_chunks_are_fully_committed: 0.
 - uncommit_free_chunks: 1.
 - use_allocation_guard: 0.


Internal statistics:

num_allocs_failed_limit: 6.
num_arena_births: 874.
num_arena_deaths: 344.
num_vsnodes_births: 2.
num_vsnodes_deaths: 0.
num_space_committed: 765.
num_space_uncommitted: 0.
num_chunks_returned_to_freelist: 384.
num_chunks_taken_from_freelist: 2650.
num_chunk_merges: 94.
num_chunk_splits: 1837.
num_chunks_enlarged: 1388.
num_inconsistent_stats: 0.

CodeHeap 'non-profiled nmethods': size=120000Kb used=5955Kb max_used=5955Kb free=114045Kb
 bounds [0x0000022787ad0000, 0x00000227880c0000, 0x000002278f000000]
CodeHeap 'profiled nmethods': size=120000Kb used=10111Kb max_used=15169Kb free=109888Kb
 bounds [0x0000022780000000, 0x0000022780ef0000, 0x0000022787530000]
CodeHeap 'non-nmethods': size=5760Kb used=1613Kb max_used=1662Kb free=4146Kb
 bounds [0x0000022787530000, 0x00000227877a0000, 0x0000022787ad0000]
 total_blobs=6162 nmethods=5543 adapters=529
 compilation: enabled
              stopped_count=0, restarted_count=0
 full_count=0

Compilation events (20 events):
Event: 4884.086 Thread 0x00000227941f6890 8306   !   4       org.apache.catalina.core.StandardHostValve::invoke (395 bytes)
Event: 4884.134 Thread 0x00000227941f6890 nmethod 8306 0x0000022787e87610 code [0x0000022787e87880, 0x0000022787e88a38]
Event: 4884.135 Thread 0x00000227941f6890 8307   !   4       org.apache.catalina.core.StandardContext::fireRequestInitEvent (152 bytes)
Event: 4884.135 Thread 0x000002279a56c620 8308       4       org.apache.catalina.authenticator.AuthenticatorBase::invoke (768 bytes)
Event: 4884.138 Thread 0x00000227941f6890 nmethod 8307 0x0000022787bf7410 code [0x0000022787bf7580, 0x0000022787bf7770]
Event: 4884.138 Thread 0x00000227941f6890 8309       4       org.apache.catalina.realm.RealmBase::findSecurityConstraints (1206 bytes)
Event: 4884.141 Thread 0x00000227941f6890 nmethod 8309 0x0000022787bf7d10 code [0x0000022787bf7e80, 0x0000022787bf7fc8]
Event: 4884.141 Thread 0x00000227941f6890 8310   !   4       org.apache.catalina.core.StandardContextValve::invoke (175 bytes)
Event: 4884.192 Thread 0x00000227941f6890 nmethod 8310 0x0000022787c81110 code [0x0000022787c81400, 0x0000022787c82500]
Event: 4884.192 Thread 0x00000227941f6890 8311   !   4       org.apache.catalina.core.StandardWrapperValve::invoke (2395 bytes)
Event: 4884.203 Thread 0x000002279a56c620 nmethod 8308 0x0000022787c7e010 code [0x0000022787c7e380, 0x0000022787c7fa98]
Event: 4884.203 Thread 0x000002279a56c620 8312   !   4       org.apache.catalina.core.StandardWrapper::allocate (197 bytes)
Event: 4884.206 Thread 0x000002279a56c620 nmethod 8312 0x0000022787bfbb90 code [0x0000022787bfbd20, 0x0000022787bfbec8]
Event: 4884.206 Thread 0x000002279a56c620 8313       4       org.springframework.web.filter.CharacterEncodingFilter::doFilterInternal (59 bytes)
Event: 4884.212 Thread 0x000002279a56c620 nmethod 8313 0x0000022787f1fb10 code [0x0000022787f1fcc0, 0x0000022787f200d0]
Event: 4884.213 Thread 0x000002279a56c620 8314       4       org.apache.catalina.connector.RequestFacade::setCharacterEncoding (13 bytes)
Event: 4884.217 Thread 0x000002279a56c620 nmethod 8314 0x0000022787c14910 code [0x0000022787c14a80, 0x0000022787c14d50]
Event: 4884.217 Thread 0x000002279a56c620 8315       4       org.springframework.web.filter.FormContentFilter::doFilterInternal (44 bytes)
Event: 4884.219 Thread 0x000002279a56c620 nmethod 8315 0x0000022787c1bc90 code [0x0000022787c1be20, 0x0000022787c1bf60]
Event: 4884.219 Thread 0x000002279a56c620 8316   !   4       org.springframework.web.filter.RequestContextFilter::doFilterInternal (107 bytes)

GC Heap History (20 events):
Event: 4629.301 GC heap before
{Heap before GC invocations=15 (full 0):
 garbage-first heap   total 58368K, used 51007K [0x0000000081800000, 0x0000000100000000)
  region size 1024K, 26 young (26624K), 1 survivors (1024K)
 Metaspace       used 48101K, committed 48832K, reserved 1114112K
  class space    used 5739K, committed 6080K, reserved 1048576K
}
Event: 4629.319 GC heap after
{Heap after GC invocations=16 (full 0):
 garbage-first heap   total 58368K, used 23397K [0x0000000081800000, 0x0000000100000000)
  region size 1024K, 1 young (1024K), 1 survivors (1024K)
 Metaspace       used 48101K, committed 48832K, reserved 1114112K
  class space    used 5739K, committed 6080K, reserved 1048576K
}
Event: 4633.090 GC heap before
{Heap before GC invocations=16 (full 0):
 garbage-first heap   total 58368K, used 52069K [0x0000000081800000, 0x0000000100000000)
  region size 1024K, 29 young (29696K), 1 survivors (1024K)
 Metaspace       used 48143K, committed 48896K, reserved 1114112K
  class space    used 5739K, committed 6080K, reserved 1048576K
}
Event: 4633.095 GC heap after
{Heap after GC invocations=17 (full 0):
 garbage-first heap   total 58368K, used 23404K [0x0000000081800000, 0x0000000100000000)
  region size 1024K, 1 young (1024K), 1 survivors (1024K)
 Metaspace       used 48143K, committed 48896K, reserved 1114112K
  class space    used 5739K, committed 6080K, reserved 1048576K
}
Event: 4637.498 GC heap before
{Heap before GC invocations=17 (full 0):
 garbage-first heap   total 58368K, used 52076K [0x0000000081800000, 0x0000000100000000)
  region size 1024K, 29 young (29696K), 1 survivors (1024K)
 Metaspace       used 48147K, committed 48896K, reserved 1114112K
  class space    used 5739K, committed 6080K, reserved 1048576K
}
Event: 4637.500 GC heap after
{Heap after GC invocations=18 (full 0):
 garbage-first heap   total 58368K, used 23406K [0x0000000081800000, 0x0000000100000000)
  region size 1024K, 1 young (1024K), 1 survivors (1024K)
 Metaspace       used 48147K, committed 48896K, reserved 1114112K
  class space    used 5739K, committed 6080K, reserved 1048576K
}
Event: 4863.015 GC heap before
{Heap before GC invocations=19 (full 0):
 garbage-first heap   total 58368K, used 52078K [0x0000000081800000, 0x0000000100000000)
  region size 1024K, 29 young (29696K), 1 survivors (1024K)
 Metaspace       used 48115K, committed 48896K, reserved 1114112K
  class space    used 5728K, committed 6080K, reserved 1048576K
}
Event: 4863.027 GC heap after
{Heap after GC invocations=20 (full 0):
 garbage-first heap   total 58368K, used 23666K [0x0000000081800000, 0x0000000100000000)
  region size 1024K, 1 young (1024K), 1 survivors (1024K)
 Metaspace       used 48115K, committed 48896K, reserved 1114112K
  class space    used 5728K, committed 6080K, reserved 1048576K
}
Event: 4866.573 GC heap before
{Heap before GC invocations=20 (full 0):
 garbage-first heap   total 58368K, used 52338K [0x0000000081800000, 0x0000000100000000)
  region size 1024K, 29 young (29696K), 1 survivors (1024K)
 Metaspace       used 48115K, committed 48896K, reserved 1114112K
  class space    used 5728K, committed 6080K, reserved 1048576K
}
Event: 4866.583 GC heap after
{Heap after GC invocations=21 (full 0):
 garbage-first heap   total 58368K, used 22845K [0x0000000081800000, 0x0000000100000000)
  region size 1024K, 1 young (1024K), 1 survivors (1024K)
 Metaspace       used 48115K, committed 48896K, reserved 1114112K
  class space    used 5728K, committed 6080K, reserved 1048576K
}
Event: 4870.327 GC heap before
{Heap before GC invocations=21 (full 0):
 garbage-first heap   total 58368K, used 52541K [0x0000000081800000, 0x0000000100000000)
  region size 1024K, 30 young (30720K), 1 survivors (1024K)
 Metaspace       used 48119K, committed 48960K, reserved 1114112K
  class space    used 5728K, committed 6080K, reserved 1048576K
}
Event: 4870.331 GC heap after
{Heap after GC invocations=22 (full 0):
 garbage-first heap   total 58368K, used 22861K [0x0000000081800000, 0x0000000100000000)
  region size 1024K, 1 young (1024K), 1 survivors (1024K)
 Metaspace       used 48119K, committed 48960K, reserved 1114112K
  class space    used 5728K, committed 6080K, reserved 1048576K
}
Event: 4873.617 GC heap before
{Heap before GC invocations=23 (full 0):
 garbage-first heap   total 58368K, used 52557K [0x0000000081800000, 0x0000000100000000)
  region size 1024K, 30 young (30720K), 1 survivors (1024K)
 Metaspace       used 48130K, committed 48960K, reserved 1114112K
  class space    used 5730K, committed 6080K, reserved 1048576K
}
Event: 4873.619 GC heap after
{Heap after GC invocations=24 (full 0):
 garbage-first heap   total 58368K, used 22876K [0x0000000081800000, 0x0000000100000000)
  region size 1024K, 1 young (1024K), 1 survivors (1024K)
 Metaspace       used 48130K, committed 48960K, reserved 1114112K
  class space    used 5730K, committed 6080K, reserved 1048576K
}
Event: 4876.784 GC heap before
{Heap before GC invocations=24 (full 0):
 garbage-first heap   total 58368K, used 52572K [0x0000000081800000, 0x0000000100000000)
  region size 1024K, 30 young (30720K), 1 survivors (1024K)
 Metaspace       used 48131K, committed 48960K, reserved 1114112K
  class space    used 5730K, committed 6080K, reserved 1048576K
}
Event: 4876.789 GC heap after
{Heap after GC invocations=25 (full 0):
 garbage-first heap   total 58368K, used 22357K [0x0000000081800000, 0x0000000100000000)
  region size 1024K, 1 young (1024K), 1 survivors (1024K)
 Metaspace       used 48131K, committed 48960K, reserved 1114112K
  class space    used 5730K, committed 6080K, reserved 1048576K
}
Event: 4880.427 GC heap before
{Heap before GC invocations=25 (full 0):
 garbage-first heap   total 58368K, used 52053K [0x0000000081800000, 0x0000000100000000)
  region size 1024K, 30 young (30720K), 1 survivors (1024K)
 Metaspace       used 48133K, committed 48960K, reserved 1114112K
  class space    used 5730K, committed 6080K, reserved 1048576K
}
Event: 4880.429 GC heap after
{Heap after GC invocations=26 (full 0):
 garbage-first heap   total 58368K, used 22375K [0x0000000081800000, 0x0000000100000000)
  region size 1024K, 1 young (1024K), 1 survivors (1024K)
 Metaspace       used 48133K, committed 48960K, reserved 1114112K
  class space    used 5730K, committed 6080K, reserved 1048576K
}
Event: 4883.886 GC heap before
{Heap before GC invocations=27 (full 0):
 garbage-first heap   total 58368K, used 52071K [0x0000000081800000, 0x0000000100000000)
  region size 1024K, 30 young (30720K), 1 survivors (1024K)
 Metaspace       used 48135K, committed 48960K, reserved 1114112K
  class space    used 5730K, committed 6080K, reserved 1048576K
}
Event: 4883.890 GC heap after
{Heap after GC invocations=28 (full 0):
 garbage-first heap   total 58368K, used 22369K [0x0000000081800000, 0x0000000100000000)
  region size 1024K, 1 young (1024K), 1 survivors (1024K)
 Metaspace       used 48135K, committed 48960K, reserved 1114112K
  class space    used 5730K, committed 6080K, reserved 1048576K
}

Dll operation events (13 events):
Event: 0.040 Loaded shared library C:\Users\User\.jdks\openjdk-20\bin\java.dll
Event: 0.060 Loaded shared library C:\Users\User\.jdks\openjdk-20\bin\jsvml.dll
Event: 0.232 Loaded shared library C:\Users\User\.jdks\openjdk-20\bin\zip.dll
Event: 0.240 Loaded shared library C:\Users\User\.jdks\openjdk-20\bin\instrument.dll
Event: 0.251 Loaded shared library C:\Users\User\.jdks\openjdk-20\bin\net.dll
Event: 0.254 Loaded shared library C:\Users\User\.jdks\openjdk-20\bin\nio.dll
Event: 0.258 Loaded shared library C:\Users\User\.jdks\openjdk-20\bin\zip.dll
Event: 0.420 Loaded shared library C:\Program Files\JetBrains\IntelliJ IDEA Community Edition 2022.3.1\bin\breakgen64.dll
Event: 0.439 Loaded shared library C:\Users\User\.jdks\openjdk-20\bin\extnet.dll
Event: 0.488 Loaded shared library C:\Users\User\.jdks\openjdk-20\bin\jimage.dll
Event: 7.788 Loaded shared library C:\Users\User\.jdks\openjdk-20\bin\sunmscapi.dll
Event: 7.805 Loaded shared library C:\Users\User\.jdks\openjdk-20\bin\management.dll
Event: 7.811 Loaded shared library C:\Users\User\.jdks\openjdk-20\bin\management_ext.dll

Deoptimization events (20 events):
Event: 4863.739 Thread 0x000002279c493910 DEOPT PACKING pc=0x0000022787df04e4 sp=0x000000d7150fc1a0
Event: 4863.739 Thread 0x000002279c493910 DEOPT UNPACKING pc=0x0000022787599d22 sp=0x000000d7150fc138 mode 2
Event: 4863.740 Thread 0x000002279c493910 Uncommon trap: trap_request=0xffffffd6 fr.pc=0x0000022787df04e4 relative=0x00000000000001e4
Event: 4863.740 Thread 0x000002279c493910 Uncommon trap: reason=array_check action=maybe_recompile pc=0x0000022787df04e4 method=com.zaxxer.hikari.util.FastList.add(Ljava/lang/Object;)Z @ 28 c2
Event: 4863.740 Thread 0x000002279c493910 DEOPT PACKING pc=0x0000022787df04e4 sp=0x000000d7150fc060
Event: 4863.740 Thread 0x000002279c493910 DEOPT UNPACKING pc=0x0000022787599d22 sp=0x000000d7150fbff8 mode 2
Event: 4863.743 Thread 0x000002279c4923d0 Uncommon trap: trap_request=0xffffffd6 fr.pc=0x0000022787df04e4 relative=0x00000000000001e4
Event: 4863.743 Thread 0x000002279c4923d0 Uncommon trap: reason=array_check action=maybe_recompile pc=0x0000022787df04e4 method=com.zaxxer.hikari.util.FastList.add(Ljava/lang/Object;)Z @ 28 c2
Event: 4863.743 Thread 0x000002279c4923d0 DEOPT PACKING pc=0x0000022787df04e4 sp=0x000000d7151fc3d0
Event: 4863.743 Thread 0x000002279c4923d0 DEOPT UNPACKING pc=0x0000022787599d22 sp=0x000000d7151fc368 mode 2
Event: 4863.744 Thread 0x000002279c4923d0 Uncommon trap: trap_request=0xffffffd6 fr.pc=0x0000022787df04e4 relative=0x00000000000001e4
Event: 4863.744 Thread 0x000002279c4923d0 Uncommon trap: reason=array_check action=maybe_recompile pc=0x0000022787df04e4 method=com.zaxxer.hikari.util.FastList.add(Ljava/lang/Object;)Z @ 28 c2
Event: 4863.744 Thread 0x000002279c4923d0 DEOPT PACKING pc=0x0000022787df04e4 sp=0x000000d7151fc290
Event: 4863.744 Thread 0x000002279c4923d0 DEOPT UNPACKING pc=0x0000022787599d22 sp=0x000000d7151fc228 mode 2
Event: 4864.612 Thread 0x000002279c48ced0 DEOPT PACKING pc=0x0000022780c997b8 sp=0x000000d714efe410
Event: 4864.612 Thread 0x000002279c48ced0 DEOPT UNPACKING pc=0x000002278759a4c2 sp=0x000000d714efd890 mode 0
Event: 4870.786 Thread 0x0000022798b0ee80 Uncommon trap: trap_request=0xfffffff4 fr.pc=0x0000022787d2e92c relative=0x000000000000748c
Event: 4870.788 Thread 0x0000022798b0ee80 Uncommon trap: reason=null_check action=make_not_entrant pc=0x0000022787d2e92c method=java.util.jar.JarFile.getManifestFromReference()Ljava/util/jar/Manifest; @ 14 c2
Event: 4870.789 Thread 0x0000022798b0ee80 DEOPT PACKING pc=0x0000022787d2e92c sp=0x000000d714dfcf00
Event: 4870.789 Thread 0x0000022798b0ee80 DEOPT UNPACKING pc=0x0000022787599d22 sp=0x000000d714dfcd90 mode 2

Classes loaded (20 events):
Event: 16.222 Loading class java/util/OptionalDouble
Event: 16.223 Loading class java/util/OptionalDouble done
Event: 16.229 Loading class org/w3c/dom/Node
Event: 16.230 Loading class org/w3c/dom/Node done
Event: 16.230 Loading class org/w3c/dom/Document
Event: 16.231 Loading class org/w3c/dom/Document done
Event: 16.276 Loading class jdk/internal/ValueBased
Event: 16.276 Loading class jdk/internal/ValueBased done
Event: 16.348 Loading class java/util/stream/LongStream
Event: 16.349 Loading class java/util/stream/LongStream done
Event: 16.349 Loading class java/util/stream/DoubleStream
Event: 16.349 Loading class java/util/stream/DoubleStream done
Event: 16.472 Loading class java/util/AbstractMap$SimpleEntry
Event: 16.473 Loading class java/util/AbstractMap$SimpleEntry done
Event: 754.343 Loading class java/util/regex/Pattern$SliceI
Event: 754.351 Loading class java/util/regex/Pattern$SliceI done
Event: 4624.034 Loading class sun/util/locale/LocaleExtensions
Event: 4624.063 Loading class sun/util/locale/LocaleExtensions done
Event: 4641.111 Loading class java/util/concurrent/locks/ReentrantReadWriteLock$Sync$HoldCounter
Event: 4641.115 Loading class java/util/concurrent/locks/ReentrantReadWriteLock$Sync$HoldCounter done

Classes unloaded (20 events):
Event: 4637.536 Thread 0x00000227941c4e70 Unloading class 0x00000008015d4000 'java/lang/invoke/LambdaForm$MH+0x00000008015d4000'
Event: 4637.536 Thread 0x00000227941c4e70 Unloading class 0x00000008015d3400 'java/lang/invoke/LambdaForm$MH+0x00000008015d3400'
Event: 4637.536 Thread 0x00000227941c4e70 Unloading class 0x00000008015d2c00 'java/lang/invoke/LambdaForm$MH+0x00000008015d2c00'
Event: 4637.536 Thread 0x00000227941c4e70 Unloading class 0x00000008015d2800 'java/lang/invoke/LambdaForm$MH+0x00000008015d2800'
Event: 4637.536 Thread 0x00000227941c4e70 Unloading class 0x00000008015d2400 'java/lang/invoke/LambdaForm$MH+0x00000008015d2400'
Event: 4637.536 Thread 0x00000227941c4e70 Unloading class 0x00000008015d2000 'java/lang/invoke/LambdaForm$MH+0x00000008015d2000'
Event: 4637.536 Thread 0x00000227941c4e70 Unloading class 0x00000008015d1400 'java/lang/invoke/LambdaForm$MH+0x00000008015d1400'
Event: 4637.536 Thread 0x00000227941c4e70 Unloading class 0x00000008015d0c00 'java/lang/invoke/LambdaForm$MH+0x00000008015d0c00'
Event: 4637.536 Thread 0x00000227941c4e70 Unloading class 0x00000008015d0400 'java/lang/invoke/LambdaForm$MH+0x00000008015d0400'
Event: 4637.536 Thread 0x00000227941c4e70 Unloading class 0x00000008015d0000 'java/lang/invoke/LambdaForm$MH+0x00000008015d0000'
Event: 4637.536 Thread 0x00000227941c4e70 Unloading class 0x0000000801594400 'java/lang/invoke/LambdaForm$MH+0x0000000801594400'
Event: 4637.536 Thread 0x00000227941c4e70 Unloading class 0x0000000801593800 'java/lang/invoke/LambdaForm$MH+0x0000000801593800'
Event: 4637.536 Thread 0x00000227941c4e70 Unloading class 0x0000000801593000 'java/lang/invoke/LambdaForm$MH+0x0000000801593000'
Event: 4637.536 Thread 0x00000227941c4e70 Unloading class 0x0000000801592c00 'java/lang/invoke/LambdaForm$MH+0x0000000801592c00'
Event: 4637.536 Thread 0x00000227941c4e70 Unloading class 0x0000000801592800 'java/lang/invoke/LambdaForm$MH+0x0000000801592800'
Event: 4637.536 Thread 0x00000227941c4e70 Unloading class 0x0000000801592400 'java/lang/invoke/LambdaForm$MH+0x0000000801592400'
Event: 4637.536 Thread 0x00000227941c4e70 Unloading class 0x0000000801591000 'java/lang/invoke/LambdaForm$MH+0x0000000801591000'
Event: 4637.536 Thread 0x00000227941c4e70 Unloading class 0x0000000801590800 'java/lang/invoke/LambdaForm$MH+0x0000000801590800'
Event: 4637.536 Thread 0x00000227941c4e70 Unloading class 0x0000000801590400 'java/lang/invoke/LambdaForm$MH+0x0000000801590400'
Event: 4637.536 Thread 0x00000227941c4e70 Unloading class 0x0000000801590000 'java/lang/invoke/LambdaForm$MH+0x0000000801590000'

Classes redefined (0 events):
No events

Internal exceptions (20 events):
Event: 10.409 Thread 0x00000227f7740660 Exception <a 'java/lang/NoSuchMethodError'{0x0000000086b6e140}: 'java.lang.Object java.lang.invoke.DirectMethodHandle$Holder.invokeVirtual(java.lang.Object, java.lang.Object, java.lang.Object, java.lang.Object, java.lang.Object, java.lang.Object, java.lang.Object)'> (0x0000000086b6e140) 
thrown [s\open\src\hotspot\share\interpreter\linkResolver.cpp, line 773]
Event: 10.427 Thread 0x00000227f7740660 Exception <a 'java/lang/NoSuchMethodError'{0x0000000086a04640}: 'java.lang.Object java.lang.invoke.DirectMethodHandle$Holder.invokeVirtual(java.lang.Object, java.lang.Object, java.lang.Object, java.lang.Object, java.lang.Object, java.lang.Object)'> (0x0000000086a04640) 
thrown [s\open\src\hotspot\share\interpreter\linkResolver.cpp, line 773]
Event: 10.716 Thread 0x00000227f7740660 Exception <a 'java/lang/NoSuchMethodError'{0x0000000083c34840}: 'void java.lang.invoke.Invokers$Holder.invokeExact_MT(java.lang.Object, java.lang.Object, int, java.lang.Object)'> (0x0000000083c34840) 
thrown [s\open\src\hotspot\share\interpreter\linkResolver.cpp, line 773]
Event: 11.366 Thread 0x00000227f7740660 Exception <a 'java/lang/NoSuchMethodError'{0x0000000083776620}: 'java.lang.Object java.lang.invoke.DirectMethodHandle$Holder.newInvokeSpecial(java.lang.Object, java.lang.Object, int, java.lang.Object, java.lang.Object)'> (0x0000000083776620) 
thrown [s\open\src\hotspot\share\interpreter\linkResolver.cpp, line 773]
Event: 11.367 Thread 0x00000227f7740660 Exception <a 'java/lang/NoSuchMethodError'{0x00000000837814d0}: 'java.lang.Object java.lang.invoke.DirectMethodHandle$Holder.invokeSpecial(java.lang.Object, java.lang.Object, int, java.lang.Object, int, java.lang.Object)'> (0x00000000837814d0) 
thrown [s\open\src\hotspot\share\interpreter\linkResolver.cpp, line 773]
Event: 11.367 Thread 0x00000227f7740660 Exception <a 'java/lang/NoSuchMethodError'{0x0000000083788ff0}: 'java.lang.Object java.lang.invoke.DirectMethodHandle$Holder.newInvokeSpecial(java.lang.Object, java.lang.Object, int, java.lang.Object, int)'> (0x0000000083788ff0) 
thrown [s\open\src\hotspot\share\interpreter\linkResolver.cpp, line 773]
Event: 11.368 Thread 0x00000227f7740660 Exception <a 'java/lang/NoSuchMethodError'{0x000000008378ce60}: 'java.lang.Object java.lang.invoke.DirectMethodHandle$Holder.invokeSpecial(java.lang.Object, java.lang.Object, java.lang.Object, int, java.lang.Object, int)'> (0x000000008378ce60) 
thrown [s\open\src\hotspot\share\interpreter\linkResolver.cpp, line 773]
Event: 16.121 Thread 0x0000022798b0ee80 Exception <a 'java/lang/NoSuchMethodError'{0x0000000086b15a38}: 'java.lang.Object java.lang.invoke.DirectMethodHandle$Holder.invokeSpecial(java.lang.Object, java.lang.Object, java.lang.Object, java.lang.Object, java.lang.Object, long)'> (0x0000000086b15a38) 
thrown [s\open\src\hotspot\share\interpreter\linkResolver.cpp, line 773]
Event: 16.121 Thread 0x0000022798b0ee80 Exception <a 'java/lang/NoSuchMethodError'{0x0000000086b191f8}: 'java.lang.Object java.lang.invoke.Invokers$Holder.linkToTargetMethod(java.lang.Object, java.lang.Object, java.lang.Object, long, java.lang.Object)'> (0x0000000086b191f8) 
thrown [s\open\src\hotspot\share\interpreter\linkResolver.cpp, line 773]
Event: 16.203 Thread 0x000002279c48ced0 Exception <a 'java/lang/NoSuchMethodError'{0x000000008692e150}: 'void java.lang.invoke.DirectMethodHandle$Holder.invokeSpecial(java.lang.Object, java.lang.Object, java.lang.Object, java.lang.Object, java.lang.Object, java.lang.Object, java.lang.Object)'> (0x000000008692e150) 
thrown [s\open\src\hotspot\share\interpreter\linkResolver.cpp, line 773]
Event: 16.368 Thread 0x000002279c48ced0 Implicit null exception at 0x0000022787d7de2f to 0x0000022787d7e00c
Event: 4641.070 Thread 0x000002279c48fea0 Implicit null exception at 0x0000022787f1fdcb to 0x0000022787f21680
Event: 4641.070 Thread 0x000002279c48ced0 Implicit null exception at 0x0000022787f1fdcb to 0x0000022787f21680
Event: 4641.097 Thread 0x000002279c4923d0 Exception <a 'java/net/SocketException'{0x0000000083b73e10}: Connection reset by peer: shutdown> (0x0000000083b73e10) 
thrown [s\open\src\hotspot\share\prims\jni.cpp, line 538]
Event: 4641.108 Thread 0x000002279c491e80 Exception <a 'java/io/IOException'{0x0000000083a65890}> (0x0000000083a65890) 
thrown [s\open\src\hotspot\share\prims\jni.cpp, line 519]
Event: 4641.112 Thread 0x000002279c4943b0 Exception <a 'java/io/IOException'{0x0000000083a271f0}> (0x0000000083a271f0) 
thrown [s\open\src\hotspot\share\prims\jni.cpp, line 519]
Event: 4641.137 Thread 0x000002279c48c980 Exception <a 'java/net/SocketException'{0x0000000083a977a8}: Connection reset by peer: shutdown> (0x0000000083a977a8) 
thrown [s\open\src\hotspot\share\prims\jni.cpp, line 538]
Event: 4641.139 Thread 0x000002279c48fea0 Exception <a 'java/net/SocketException'{0x0000000083aa7550}: Connection reset by peer: shutdown> (0x0000000083aa7550) 
thrown [s\open\src\hotspot\share\prims\jni.cpp, line 538]
Event: 4641.145 Thread 0x000002279c4923d0 Exception <a 'java/net/SocketException'{0x0000000083a8de08}: Connection reset by peer: shutdown> (0x0000000083a8de08) 
thrown [s\open\src\hotspot\share\prims\jni.cpp, line 538]
Event: 4870.786 Thread 0x0000022798b0ee80 Implicit null exception at 0x0000022787d27ecc to 0x0000022787d2e908

VM Operations (20 events):
Event: 4870.400 Executing VM operation: G1PauseCleanup
Event: 4870.400 Executing VM operation: G1PauseCleanup done
Event: 4871.405 Executing VM operation: Cleanup
Event: 4871.405 Executing VM operation: Cleanup done
Event: 4873.419 Executing VM operation: Cleanup
Event: 4873.419 Executing VM operation: Cleanup done
Event: 4873.617 Executing VM operation: G1CollectForAllocation
Event: 4873.619 Executing VM operation: G1CollectForAllocation done
Event: 4876.784 Executing VM operation: G1CollectForAllocation
Event: 4876.789 Executing VM operation: G1CollectForAllocation done
Event: 4880.427 Executing VM operation: G1CollectForAllocation
Event: 4880.429 Executing VM operation: G1CollectForAllocation done
Event: 4880.463 Executing VM operation: G1PauseRemark
Event: 4880.471 Executing VM operation: G1PauseRemark done
Event: 4880.490 Executing VM operation: G1PauseCleanup
Event: 4880.490 Executing VM operation: G1PauseCleanup done
Event: 4881.492 Executing VM operation: Cleanup
Event: 4881.492 Executing VM operation: Cleanup done
Event: 4883.886 Executing VM operation: G1CollectForAllocation
Event: 4883.890 Executing VM operation: G1CollectForAllocation done

Events (20 events):
Event: 4880.470 Thread 0x00000227941c4e70 flushing nmethod 0x0000022780066110
Event: 4880.470 Thread 0x00000227941c4e70 flushing nmethod 0x0000022787f7bf10
Event: 4880.470 Thread 0x00000227941c4e70 flushing nmethod 0x0000022780029310
Event: 4880.470 Thread 0x00000227941c4e70 flushing nmethod 0x0000022780021090
Event: 4880.470 Thread 0x00000227941c4e70 flushing nmethod 0x0000022787f1fb10
Event: 4880.470 Thread 0x00000227941c4e70 flushing nmethod 0x0000022787f5b190
Event: 4880.470 Thread 0x00000227941c4e70 flushing nmethod 0x0000022787e85890
Event: 4880.470 Thread 0x00000227941c4e70 flushing nmethod 0x0000022787e7e190
Event: 4880.470 Thread 0x00000227941c4e70 flushing nmethod 0x0000022787f45990
Event: 4880.470 Thread 0x00000227941c4e70 flushing nmethod 0x0000022787ed2a10
Event: 4880.470 Thread 0x00000227941c4e70 flushing nmethod 0x0000022787c7b490
Event: 4880.470 Thread 0x00000227941c4e70 flushing nmethod 0x0000022787e0d110
Event: 4880.470 Thread 0x00000227941c4e70 flushing nmethod 0x0000022787e0cb90
Event: 4880.470 Thread 0x00000227941c4e70 flushing nmethod 0x0000022787e23490
Event: 4880.470 Thread 0x00000227941c4e70 flushing nmethod 0x0000022787df0190
Event: 4880.470 Thread 0x00000227941c4e70 flushing nmethod 0x0000022787c63190
Event: 4880.470 Thread 0x00000227941c4e70 flushing nmethod 0x0000022787d42390
Event: 4880.694 Thread 0x000002279a56a4c0 Thread added: 0x000002279a56a4c0
Event: 4881.769 Thread 0x000002279a56a4c0 Thread exited: 0x000002279a56a4c0
Event: 4884.135 Thread 0x000002279a56c620 Thread added: 0x000002279a56c620


Dynamic libraries:
0x00007ff60a2e0000 - 0x00007ff60a2ee000 	C:\Users\User\.jdks\openjdk-20\bin\java.exe
0x00007ff813bb0000 - 0x00007ff813da8000 	C:\WINDOWS\SYSTEM32\ntdll.dll
0x00007fffe2df0000 - 0x00007fffe2e09000 	C:\Program Files\AVG\Antivirus\aswhook.dll
0x00007ff811cb0000 - 0x00007ff811d6f000 	C:\WINDOWS\System32\KERNEL32.DLL
0x00007ff8113f0000 - 0x00007ff8116e6000 	C:\WINDOWS\System32\KERNELBASE.dll
0x00007ff811290000 - 0x00007ff811390000 	C:\WINDOWS\System32\ucrtbase.dll
0x00007fffffa50000 - 0x00007fffffa6b000 	C:\Users\User\.jdks\openjdk-20\bin\VCRUNTIME140.dll
0x00007ff803000000 - 0x00007ff803017000 	C:\Users\User\.jdks\openjdk-20\bin\jli.dll
0x00007ff812de0000 - 0x00007ff812f7d000 	C:\WINDOWS\System32\USER32.dll
0x00007ff811390000 - 0x00007ff8113b2000 	C:\WINDOWS\System32\win32u.dll
0x00007ff813830000 - 0x00007ff81385c000 	C:\WINDOWS\System32\GDI32.dll
0x00007ff8027f0000 - 0x00007ff802a8a000 	C:\WINDOWS\WinSxS\amd64_microsoft.windows.common-controls_6595b64144ccf1df_6.0.19041.1110_none_60b5254171f9507e\COMCTL32.dll
0x00007ff8117f0000 - 0x00007ff811905000 	C:\WINDOWS\System32\gdi32full.dll
0x00007ff811c10000 - 0x00007ff811cae000 	C:\WINDOWS\System32\msvcrt.dll
0x00007ff811a10000 - 0x00007ff811aad000 	C:\WINDOWS\System32\msvcp_win.dll
0x00007ff813860000 - 0x00007ff813890000 	C:\WINDOWS\System32\IMM32.DLL
0x00007ff80bff0000 - 0x00007ff80bffc000 	C:\Users\User\.jdks\openjdk-20\bin\vcruntime140_1.dll
0x00007fffe0510000 - 0x00007fffe059e000 	C:\Users\User\.jdks\openjdk-20\bin\msvcp140.dll
0x00007fffacb80000 - 0x00007fffad817000 	C:\Users\User\.jdks\openjdk-20\bin\server\jvm.dll
0x00007ff813230000 - 0x00007ff8132df000 	C:\WINDOWS\System32\ADVAPI32.dll
0x00007ff813070000 - 0x00007ff81310c000 	C:\WINDOWS\System32\sechost.dll
0x00007ff812b20000 - 0x00007ff812c46000 	C:\WINDOWS\System32\RPCRT4.dll
0x00007ff809a00000 - 0x00007ff809a0a000 	C:\WINDOWS\SYSTEM32\VERSION.dll
0x00007ff805230000 - 0x00007ff805257000 	C:\WINDOWS\SYSTEM32\WINMM.dll
0x00007ffffefc0000 - 0x00007ffffefc9000 	C:\WINDOWS\SYSTEM32\WSOCK32.dll
0x00007ff813110000 - 0x00007ff81317b000 	C:\WINDOWS\System32\WS2_32.dll
0x00007ff80f110000 - 0x00007ff80f122000 	C:\WINDOWS\SYSTEM32\kernel.appcore.dll
0x00007ff80be70000 - 0x00007ff80be7a000 	C:\Users\User\.jdks\openjdk-20\bin\jimage.dll
0x00007ff8089f0000 - 0x00007ff808bd4000 	C:\WINDOWS\SYSTEM32\DBGHELP.DLL
0x00007ff808c40000 - 0x00007ff808c74000 	C:\WINDOWS\SYSTEM32\dbgcore.DLL
0x00007ff811980000 - 0x00007ff811a02000 	C:\WINDOWS\System32\bcryptPrimitives.dll
0x00007ff8004f0000 - 0x00007ff8004fe000 	C:\Users\User\.jdks\openjdk-20\bin\instrument.dll
0x00007fffff630000 - 0x00007fffff656000 	C:\Users\User\.jdks\openjdk-20\bin\java.dll
0x00007fffe0430000 - 0x00007fffe0507000 	C:\Users\User\.jdks\openjdk-20\bin\jsvml.dll
0x00007ff8123d0000 - 0x00007ff812b14000 	C:\WINDOWS\System32\SHELL32.dll
0x00007ff80f310000 - 0x00007ff80faa3000 	C:\WINDOWS\SYSTEM32\windows.storage.dll
0x00007ff811fe0000 - 0x00007ff812334000 	C:\WINDOWS\System32\combase.dll
0x00007ff810ba0000 - 0x00007ff810bce000 	C:\WINDOWS\SYSTEM32\Wldp.dll
0x00007ff813ac0000 - 0x00007ff813b6d000 	C:\WINDOWS\System32\SHCORE.dll
0x00007ff811f20000 - 0x00007ff811f75000 	C:\WINDOWS\System32\shlwapi.dll
0x00007ff8111d0000 - 0x00007ff8111ef000 	C:\WINDOWS\SYSTEM32\profapi.dll
0x00007ffff8280000 - 0x00007ffff8298000 	C:\Users\User\.jdks\openjdk-20\bin\zip.dll
0x00007fffff720000 - 0x00007fffff733000 	C:\Users\User\.jdks\openjdk-20\bin\net.dll
0x00007ff807c80000 - 0x00007ff807d8a000 	C:\WINDOWS\SYSTEM32\WINHTTP.dll
0x00007ff810910000 - 0x00007ff81097a000 	C:\WINDOWS\system32\mswsock.dll
0x00007ffffe290000 - 0x00007ffffe2a6000 	C:\Users\User\.jdks\openjdk-20\bin\nio.dll
0x00007fffe38f0000 - 0x00007fffe390a000 	C:\Program Files\JetBrains\IntelliJ IDEA Community Edition 2022.3.1\bin\breakgen64.dll
0x00007ff802080000 - 0x00007ff802087000 	C:\Users\User\.jdks\openjdk-20\bin\extnet.dll
0x00007ff810620000 - 0x00007ff81065c000 	C:\WINDOWS\SYSTEM32\IPHLPAPI.DLL
0x00007ff813060000 - 0x00007ff813068000 	C:\WINDOWS\System32\NSI.dll
0x00007ff80a050000 - 0x00007ff80a067000 	C:\WINDOWS\SYSTEM32\dhcpcsvc6.DLL
0x00007ff80a030000 - 0x00007ff80a04d000 	C:\WINDOWS\SYSTEM32\dhcpcsvc.DLL
0x00007ff810660000 - 0x00007ff81072b000 	C:\WINDOWS\SYSTEM32\DNSAPI.dll
0x00007ff803ce0000 - 0x00007ff803cea000 	C:\Windows\System32\rasadhlp.dll
0x00007ff803e10000 - 0x00007ff803e92000 	C:\WINDOWS\System32\fwpuclnt.dll
0x00007ff8113c0000 - 0x00007ff8113e7000 	C:\WINDOWS\System32\bcrypt.dll
0x00007ff810f50000 - 0x00007ff810f68000 	C:\WINDOWS\SYSTEM32\CRYPTSP.dll
0x00007ff810250000 - 0x00007ff810284000 	C:\WINDOWS\system32\rsaenh.dll
0x00007ff811190000 - 0x00007ff8111be000 	C:\WINDOWS\SYSTEM32\USERENV.dll
0x00007ff810b10000 - 0x00007ff810b1c000 	C:\WINDOWS\SYSTEM32\CRYPTBASE.dll
0x00007ff803220000 - 0x00007ff80322e000 	C:\Users\User\.jdks\openjdk-20\bin\sunmscapi.dll
0x00007ff811ab0000 - 0x00007ff811c0e000 	C:\WINDOWS\System32\CRYPT32.dll
0x00007ff810c30000 - 0x00007ff810c58000 	C:\WINDOWS\SYSTEM32\ncrypt.dll
0x00007ff810bd0000 - 0x00007ff810c0b000 	C:\WINDOWS\SYSTEM32\NTASN1.dll
0x00007ff806120000 - 0x00007ff80612a000 	C:\Users\User\.jdks\openjdk-20\bin\management.dll
0x00007ff805d20000 - 0x00007ff805d2b000 	C:\Users\User\.jdks\openjdk-20\bin\management_ext.dll
0x00007ff8133b0000 - 0x00007ff8133b8000 	C:\WINDOWS\System32\PSAPI.DLL
0x00007ff80a0c0000 - 0x00007ff80a0c7000 	C:\WINDOWS\system32\wshunix.dll

dbghelp: loaded successfully - version: 4.0.5 - missing functions: none
symbol engine: initialized successfully - sym options: 0x614 - pdb path: .;C:\Users\User\.jdks\openjdk-20\bin;C:\WINDOWS\SYSTEM32;C:\Program Files\AVG\Antivirus;C:\WINDOWS\WinSxS\amd64_microsoft.windows.common-controls_6595b64144ccf1df_6.0.19041.1110_none_60b5254171f9507e;C:\Users\User\.jdks\openjdk-20\bin\server;C:\Program Files\JetBrains\IntelliJ IDEA Community Edition 2022.3.1\bin

VM Arguments:
jvm_args: -javaagent:C:\Program Files\JetBrains\IntelliJ IDEA Community Edition 2022.3.1\lib\idea_rt.jar=56800:C:\Program Files\JetBrains\IntelliJ IDEA Community Edition 2022.3.1\bin -Dfile.encoding=UTF-8 -Dsun.stdout.encoding=UTF-8 -Dsun.stderr.encoding=UTF-8 
java_command: full.mypostgresql.demo.DemoApplication
java_class_path (initial): C:\my_git\prog22.5.23\demo\target\classes;C:\Users\User\.m2\repository\org\springframework\boot\spring-boot-starter-data-jdbc\3.0.7\spring-boot-starter-data-jdbc-3.0.7.jar;C:\Users\User\.m2\repository\org\springframework\boot\spring-boot-starter-jdbc\3.0.7\spring-boot-starter-jdbc-3.0.7.jar;C:\Users\User\.m2\repository\com\zaxxer\HikariCP\5.0.1\HikariCP-5.0.1.jar;C:\Users\User\.m2\repository\org\springframework\spring-jdbc\6.0.9\spring-jdbc-6.0.9.jar;C:\Users\User\.m2\repository\org\springframework\data\spring-data-jdbc\3.0.6\spring-data-jdbc-3.0.6.jar;C:\Users\User\.m2\repository\org\springframework\data\spring-data-relational\3.0.6\spring-data-relational-3.0.6.jar;C:\Users\User\.m2\repository\org\springframework\data\spring-data-commons\3.0.6\spring-data-commons-3.0.6.jar;C:\Users\User\.m2\repository\org\springframework\spring-tx\6.0.9\spring-tx-6.0.9.jar;C:\Users\User\.m2\repository\org\springframework\spring-context\6.0.9\spring-context-6.0.9.jar;C:\Users\User\.m2\repository\org\springframework\spring-beans\6.0.9\spring-beans-6.0.9.jar;C:\Users\User\.m2\repository\org\springframework\boot\spring-boot-starter-web\3.0.7\spring-boot-starter-web-3.0.7.jar;C:\Users\User\.m2\repository\org\springframework\boot\spring-boot-starter\3.0.7\spring-boot-starter-3.0.7.jar;C:\Users\User\.m2\repository\org\springframework\boot\spring-boot\3.0.7\spring-boot-3.0.7.jar;C:\Users\User\.m2\repository\org\springframework\boot\spring-boot-autoconfigure\3.0.7\spring-boot-autoconfigure-3.0.7.jar;C:\Users\User\.m2\repository\org\springframework\boot\spring-boot-starter-logging\3.0.7\spring-boot-starter-logging-3.0.7.jar;C:\Users\User\.m2\repository\ch\qos\logback\logback-classic\1.4.7\logback-classic-1.4.7.jar;C:\Users\User\.m2\repository\ch\qos\logback\logback-core\1.4.7\logback-core-1.4.7.jar;C:\Users\User\.m2\repository\org\apache\logging\log4j\log4j-to-slf4j\2.19.0\log4j-to-slf4j-2.19.0.jar;C:\Users\User\.m2\repository\org\apache\logging\log4j\log4j-api\2.19.0\log4j-api-2.19.0.jar;C:\Users\User\.m2\repository\org\slf4j\jul-to-slf4j\2.0.7\jul-to-slf4j-2.0.7.jar;C:\Users\User\.m2\repository\jakarta\annotation\jakarta.annotation-api\2.1.1\jakarta.annotation-api-2.1.1.jar;C:\Users\User\.m2\repository\org\yaml\snakeyaml\1.33\snakeyaml-1.33.jar;C:\Users\User\.m2\repository\org\springframework\boot\spring-boot-starter-json\3.0.7\spring-boot-starter-json-3.0.7.jar;C:\Users\User\.m2\repository\com\fasterxml\jackson\core\jackson-databind\2.14.3\jackson-databind-2.14.3.jar;C:\Users\User\.m2\repository\com\fasterxml\jackson\core\jackson-annotations\2.14.3\jackson-annotations-2.14.3.jar;C:\Users\User\.m2\repository\com\fasterxml\jackson\core\jackson-core\2.14.3\jackson-core-2.14.3.jar;C:\Users\User\.m2\repository\com\fasterxml\jackson\datatype\jackson-datatype-jdk8\2.14.3\jackson-datatype-jdk8-2.14.3.jar;C:\Users\User\.m2\repository\com\fasterxml\jackson\datatype\jackson-datatype-jsr310\2.14.3\jackson-datatype-jsr310-2.14.3.jar;C:\Users\User\.m2\repository\com\fasterxml\jackson\module\jackson-module-parameter-names\2.14.3\jackson-module-parameter-names-2.14.3.jar;C:\Users\User\.m2\repository\org\springframework\boot\spring-boot-starter-tomcat\3.0.7\spring-boot-starter-tomcat-3.0.7.jar;C:\Users\User\.m2\repository\org\apache\tomcat\embed\tomcat-embed-core\10.1.8\tomcat-embed-core-10.1.8.jar;C:\Users\User\.m2\repository\org\apache\tomcat\embed\tomcat-embed-el\10.1.8\tomcat-embed-el-10.1.8.jar;C:\Users\User\.m2\repository\org\apache\tomcat\embed\tomcat-embed-websocket\10.1.8\tomcat-embed-websocket-10.1.8.jar;C:\Users\User\.m2\repository\org\springframework\spring-web\6.0.9\spring-web-6.0.9.jar;C:\Users\User\.m2\repository\io\micrometer\micrometer-observation\1.10.7\micrometer-observation-1.10.7.jar;C:\Users\User\.m2\repository\io\micrometer\micrometer-commons\1.10.7\micrometer-commons-1.10.7.jar;C:\Users\User\.m2\repository\org\springframework\spring-webmvc\6.0.9\spring-webmvc-6.0.9.jar;C:\Users\User\.m2\repository\org\springframework\spring-aop\6.0.9\spring-aop-6.0.9.jar;C:\Users\User\.m2\repository\org\springframework\spring-expression\6.0.9\spring-expression-6.0.9.jar;C:\Users\User\.m2\repository\org\postgresql\postgresql\42.5.4\postgresql-42.5.4.jar;C:\Users\User\.m2\repository\org\checkerframework\checker-qual\3.5.0\checker-qual-3.5.0.jar;C:\Users\User\.m2\repository\org\slf4j\slf4j-api\2.0.7\slf4j-api-2.0.7.jar;C:\Users\User\.m2\repository\org\springframework\spring-core\6.0.9\spring-core-6.0.9.jar;C:\Users\User\.m2\repository\org\springframework\spring-jcl\6.0.9\spring-jcl-6.0.9.jar;C:\Users\User\.m2\repository\org\projectlombok\lombok\1.18.26\lombok-1.18.26.jar;C:\Users\User\.m2\repository\org\springframework\cloud\spring-cloud-starter-openfeign\4.0.2\spring-cloud-starter-openfeign-4.0.2.jar;C:\Users\User\.m2\repository\org\springframework\cloud\spring-cloud-starter\4.0.2\spring-cloud-starter-4.0.2.jar;C:\Users\User\.m2\repository\org\springframework\cloud\spring-cloud-context\4.0.2\spring-cloud-context-4.0.2.jar;C:\Users\User\.m2\repository\org\springframework\security\spring-security-rsa\1.0.11.RELEASE\spring-security-rsa-1.0.11.RELEASE.jar;C:\Users\User\.m2\repository\org\bouncycastle\bcpkix-jdk15on\1.69\bcpkix-jdk15on-1.69.jar;C:\Users\User\.m2\repository\org\bouncycastle\bcprov-jdk15on\1.69\bcprov-jdk15on-1.69.jar;C:\Users\User\.m2\repository\org\bouncycastle\bcutil-jdk15on\1.69\bcutil-jdk15on-1.69.jar;C:\Users\User\.m2\repository\org\springframework\cloud\spring-cloud-openfeign-core\4.0.2\spring-cloud-openfeign-core-4.0.2.jar;C:\Users\User\.m2\repository\org\springframework\boot\spring-boot-starter-aop\3.0.7\spring-boot-starter-aop-3.0.7.jar;C:\Users\User\.m2\repository\org\aspectj\aspectjweaver\1.9.19\aspectjweaver-1.9.19.jar;C:\Users\User\.m2\repository\io\github\openfeign\form\feign-form-spring\3.8.0\feign-form-spring-3.8.0.jar;C:\Users\User\.m2\repository\io\github\openfeign\form\feign-form\3.8.0\feign-form-3.8.0.jar;C:\Users\User\.m2\repository\commons-fileupload\commons-fileupload\1.4\commons-fileupload-1.4.jar;C:\Users\User\.m2\repository\org\springframework\cloud\spring-cloud-commons\4.0.2\spring-cloud-commons-4.0.2.jar;C:\Users\User\.m2\repository\org\springframework\security\spring-security-crypto\6.0.3\spring-security-crypto-6.0.3.jar;C:\Users\User\.m2\repository\io\github\openfeign\feign-core\12.1\feign-core-12.1.jar;C:\Users\User\.m2\repository\io\github\openfeign\feign-slf4j\12.1\feign-slf4j-12.1.jar;C:\Users\User\.m2\repository\org\springframework\boot\spring-boot-starter-data-redis\3.0.7\spring-boot-starter-data-redis-3.0.7.jar;C:\Users\User\.m2\repository\org\springframework\data\spring-data-redis\3.0.6\spring-data-redis-3.0.6.jar;C:\Users\User\.m2\repository\org\springframework\data\spring-data-keyvalue\3.0.6\spring-data-keyvalue-3.0.6.jar;C:\Users\User\.m2\repository\org\springframework\spring-oxm\6.0.9\spring-oxm-6.0.9.jar;C:\Users\User\.m2\repository\org\springframework\spring-context-support\6.0.9\spring-context-support-6.0.9.jar;C:\Users\User\.m2\repository\io\lettuce\lettuce-core\6.2.4.RELEASE\lettuce-core-6.2.4.RELEASE.jar;C:\Users\User\.m2\repository\io\netty\netty-common\4.1.92.Final\netty-common-4.1.92.Final.jar;C:\Users\User\.m2\repository\io\netty\netty-handler\4.1.92.Final\netty-handler-4.1.92.Final.jar;C:\Users\User\.m2\repository\io\netty\netty-resolver\4.1.92.Final\netty-resolver-4.1.92.Final.jar;C:\Users\User\.m2\repository\io\netty\netty-buffer\4.1.92.Final\netty-buffer-4.1.92.Final.jar;C:\Users\User\.m2\repository\io\netty\netty-transport-native-unix-common\4.1.92.Final\netty-transport-native-unix-common-4.1.92.Final.jar;C:\Users\User\.m2\repository\io\netty\netty-codec\4.1.92.Final\netty-codec-4.1.92.Final.jar;C:\Users\User\.m2\repository\io\netty\netty-transport\4.1.92.Final\netty-transport-4.1.92.Final.jar;C:\Users\User\.m2\repository\io\projectreactor\reactor-core\3.5.6\reactor-core-3.5.6.jar;C:\Users\User\.m2\repository\org\reactivestreams\reactive-streams\1.0.4\reactive-streams-1.0.4.jar;C:\Users\User\.m2\repository\redis\clients\jedis\4.0.1\jedis-4.0.1.jar;C:\Users\User\.m2\repository\org\apache\commons\commons-pool2\2.11.1\commons-pool2-2.11.1.jar;C:\Users\User\.m2\repository\org\json\json\20211205\json-20211205.jar;C:\Users\User\.m2\repository\com\google\code\gson\gson\2.9.1\gson-2.9.1.jar
Launcher Type: SUN_STANDARD

[Global flags]
     intx CICompilerCount                          = 4                                         {product} {ergonomic}
     uint ConcGCThreads                            = 2                                         {product} {ergonomic}
     uint G1ConcRefinementThreads                  = 8                                         {product} {ergonomic}
   size_t G1HeapRegionSize                         = 1048576                                   {product} {ergonomic}
    uintx GCDrainStackTargetSize                   = 64                                        {product} {ergonomic}
   size_t InitialHeapSize                          = 134217728                                 {product} {ergonomic}
   size_t MarkStackSize                            = 4194304                                   {product} {ergonomic}
   size_t MaxHeapSize                              = 2122317824                                {product} {ergonomic}
   size_t MaxNewSize                               = 1272971264                                {product} {ergonomic}
   size_t MinHeapDeltaBytes                        = 1048576                                   {product} {ergonomic}
   size_t MinHeapSize                              = 8388608                                   {product} {ergonomic}
    uintx NonNMethodCodeHeapSize                   = 5839372                                {pd product} {ergonomic}
    uintx NonProfiledCodeHeapSize                  = 122909434                              {pd product} {ergonomic}
    uintx ProfiledCodeHeapSize                     = 122909434                              {pd product} {ergonomic}
    uintx ReservedCodeCacheSize                    = 251658240                              {pd product} {ergonomic}
     bool SegmentedCodeCache                       = true                                      {product} {ergonomic}
   size_t SoftMaxHeapSize                          = 2122317824                             {manageable} {ergonomic}
     bool UseCompressedClassPointers               = true                           {product lp64_product} {ergonomic}
     bool UseCompressedOops                        = true                           {product lp64_product} {ergonomic}
     bool UseG1GC                                  = true                                      {product} {ergonomic}
     bool UseLargePagesIndividualAllocation        = false                                  {pd product} {ergonomic}

Logging:
Log output configuration:
 #0: stdout all=warning uptime,level,tags foldmultilines=false
 #1: stderr all=off uptime,level,tags foldmultilines=false

Environment Variables:
PATH=C:\Program Files (x86)\Common Files\Oracle\Java\javapath;C:\ProgramData\Oracle\Java\javapath;C:\WINDOWS\system32;C:\WINDOWS;C:\WINDOWS\System32\Wbem;C:\WINDOWS\System32\WindowsPowerShell\v1.0\;C:\Program Files (x86)\Windows Live\Shared;C:\WINDOWS\System32\OpenSSH\;C:\Program Files\Microsoft SQL Server\120\Tools\Binn\;C:\Program Files\Common Files\Autodesk Shared\;C:\Program Files (x86)\HP\IdrsOCR_15.2.10.1114\;C:\Python36\Scripts  C:\Program Files\Python36\Scripts;C:\Program Files\dotnet\;C:\Program Files\nodejs\;C:\Program Files\Git\cmd;C:\Program Files\Docker\Docker\resources\bin;C:\Users\User\AppData\Local\Programs\Python\Python310\Scripts\;C:\Users\User\AppData\Local\Programs\Python\Python310\;C:\Users\User\AppData\Local\Microsoft\WindowsApps;C:\Users\User\AppData\Local\Programs\Microsoft VS Code\bin;C:\Users\User\AppData\Local\GitHubDesktop\bin;C:\Users\User\AppData\Roaming\npm
USERNAME=User
OS=Windows_NT
PROCESSOR_IDENTIFIER=Intel64 Family 6 Model 58 Stepping 9, GenuineIntel
TMP=C:\Users\User\AppData\Local\Temp
TEMP=C:\Users\User\AppData\Local\Temp




---------------  S Y S T E M  ---------------

OS:
 Windows 10 , 64 bit Build 19041 (10.0.19041.2913)
OS uptime: 4 days 10:36 hours
Hyper-V role detected

CPU: total 8 (initial active 8) (4 cores per cpu, 2 threads per core) family 6 model 58 stepping 9 microcode 0x21, cx8, cmov, fxsr, ht, mmx, sse, sse2, sse3, ssse3, sse4.1, sse4.2, popcnt, tsc, tscinvbit, avx, aes, erms, clmul, vzeroupper, clflush, hv, rdtscp, f16c

Memory: 4k page, system-wide physical 8095M (433M free)
TotalPageFile size 32671M (AvailPageFile size 24M)
current process WorkingSet (physical memory assigned to process): 157M, peak: 210M
current process commit charge ("private bytes"): 247M, peak: 273M

vm_info: OpenJDK 64-Bit Server VM (20+36-2344) for windows-amd64 JRE (20+36-2344), built on 2023-02-10T19:30:15Z by "mach5one" with MS VC++ 17.1 (VS2022)

END.
